<?xml version="1.0" encoding="UTF-8"?>
<testng-results ignored="1" total="3" passed="2" failed="0" skipped="0">
  <reporter-output>
    <line>
      <![CDATA[Banner Home is Visible in Home Page]]>
    </line>
    <line>
      <![CDATA[Popup is displayed with Connect To Wallet is Visible in Home Page]]>
    </line>
    <line>
      <![CDATA[Min.Locker Amount   100 USDC is Visible in Home Page]]>
    </line>
    <line>
      <![CDATA[Current Pool Liquidity data is Visible in Home Page]]>
    </line>
    <line>
      <![CDATA[Fixed APR   6% is Visible in Home Page]]>
    </line>
    <line>
      <![CDATA[Total Polytrade Deposits   $1,461,788.04 is Visible in Home Page]]>
    </line>
    <line>
      <![CDATA[Total Invoices Funded $2,337,883.65 is Visible in Home Page]]>
    </line>
    <line>
      <![CDATA[Banner World of Spice is Visible in World of Tspice Page]]>
    </line>
  </reporter-output>
  <suite started-at="2023-01-07T23:53:43 IST" name="Suite" finished-at="2023-01-07T23:54:02 IST" duration-ms="19295">
    <groups>
      <group name="SmokeTest">
        <method signature="VerifyPolicyTradeHome.verifyHome()[pri:0, instance:Testcases.VerifyPolicyTradeHome@2a693f59]" name="verifyHome" class="Testcases.VerifyPolicyTradeHome"/>
        <method signature="VerifyWorldofTSpice.verifyWorldofTspice()[pri:0, instance:Testcases.VerifyWorldofTSpice@52f27fbd]" name="verifyWorldofTspice" class="Testcases.VerifyWorldofTSpice"/>
      </group> <!-- SmokeTest -->
    </groups>
    <test started-at="2023-01-07T23:53:43 IST" name="TestCases" finished-at="2023-01-07T23:54:02 IST" duration-ms="19295">
      <class name="Testcases.VerifyWorldofTSpice">
        <test-method signature="verifyWorldofTspice()[pri:0, instance:Testcases.VerifyWorldofTSpice@52f27fbd]" started-at="2023-01-07T23:54:00 IST" name="verifyWorldofTspice" finished-at="2023-01-07T23:54:02 IST" duration-ms="2279" status="PASS">
          <reporter-output>
            <line>
              <![CDATA[Banner World of Spice is Visible in World of Tspice Page]]>
            </line>
          </reporter-output>
        </test-method> <!-- verifyWorldofTspice -->
      </class> <!-- Testcases.VerifyWorldofTSpice -->
      <class name="Testcases.VerifyPolicyTradeHome">
        <test-method is-config="true" signature="setup()[pri:0, instance:Testcases.VerifyPolicyTradeHome@2a693f59]" started-at="2023-01-07T23:53:43 IST" name="setup" finished-at="2023-01-07T23:53:45 IST" duration-ms="2597" status="PASS">
          <reporter-output>
          </reporter-output>
        </test-method> <!-- setup -->
        <test-method signature="verifyHome()[pri:0, instance:Testcases.VerifyPolicyTradeHome@2a693f59]" started-at="2023-01-07T23:53:45 IST" name="verifyHome" finished-at="2023-01-07T23:54:00 IST" duration-ms="14386" status="PASS">
          <reporter-output>
            <line>
              <![CDATA[Banner Home is Visible in Home Page]]>
            </line>
            <line>
              <![CDATA[Popup is displayed with Connect To Wallet is Visible in Home Page]]>
            </line>
            <line>
              <![CDATA[Min.Locker Amount   100 USDC is Visible in Home Page]]>
            </line>
            <line>
              <![CDATA[Current Pool Liquidity data is Visible in Home Page]]>
            </line>
            <line>
              <![CDATA[Fixed APR   6% is Visible in Home Page]]>
            </line>
            <line>
              <![CDATA[Total Polytrade Deposits   $1,461,788.04 is Visible in Home Page]]>
            </line>
            <line>
              <![CDATA[Total Invoices Funded $2,337,883.65 is Visible in Home Page]]>
            </line>
          </reporter-output>
        </test-method> <!-- verifyHome -->
      </class> <!-- Testcases.VerifyPolicyTradeHome -->
    </test> <!-- TestCases -->
  </suite> <!-- Suite -->
</testng-results>
