<?xml version="1.0" encoding="UTF-8"?>
<!-- Generated by org.testng.reporters.JUnitXMLReporter -->
<testsuite ignored="1" hostname="sadepu" failures="0" tests="2" name="TestCases" time="19.295" errors="0" timestamp="2023-01-07T23:54:02 IST">
  <testcase classname="Testcases.VerifyPolicyTradeHome" name="verifyHome" time="14.386"/>
  <testcase classname="Testcases.VerifyWorldofTSpice" name="verifyWorldofTspice" time="2.279"/>
  <testcase classname="Reusables.BaseTest" name="@BeforeTest setup" time="0.0">
    <ignored/>
  </testcase> <!-- @BeforeTest setup -->
</testsuite> <!-- TestCases -->
